* using log directory ‘/Users/yanayrosen/scone/scone.Rcheck’
* using R version 3.4.1 (2017-06-30)
* using platform: x86_64-apple-darwin15.6.0 (64-bit)
* using session charset: UTF-8
* checking for file ‘scone/DESCRIPTION’ ... OK
* this is package ‘scone’ version ‘1.3.0’
* checking package namespace information ... OK
* checking package dependencies ... OK
* checking if this is a source package ... OK
* checking if there is a namespace ... OK
* checking for executable files ... OK
* checking for hidden files and directories ... OK
* checking for portable file names ... OK
* checking for sufficient/correct file permissions ... OK
* checking whether package ‘scone’ can be installed ... WARNING
Found the following significant warnings:
  Warning: package ‘SummarizedExperiment’ was built under R version 3.4.3
  Warning: package ‘GenomicRanges’ was built under R version 3.4.3
  Warning: package ‘BiocGenerics’ was built under R version 3.4.2
  Warning: package ‘S4Vectors’ was built under R version 3.4.2
  Warning: package ‘IRanges’ was built under R version 3.4.2
  Warning: package ‘GenomeInfoDb’ was built under R version 3.4.2
  Warning: package ‘Biobase’ was built under R version 3.4.2
  Warning: package ‘DelayedArray’ was built under R version 3.4.2
  Warning: package ‘matrixStats’ was built under R version 3.4.3
See ‘/Users/yanayrosen/scone/scone.Rcheck/00install.out’ for details.
* checking installed package size ... OK
* checking package directory ... OK
* checking ‘build’ directory ... OK
* checking DESCRIPTION meta-information ... OK
* checking top-level files ... OK
* checking for left-over files ... OK
* checking index information ... OK
* checking package subdirectories ... OK
* checking R files for non-ASCII characters ... OK
* checking R files for syntax errors ... OK
* checking whether the package can be loaded ... OK
* checking whether the package can be loaded with stated dependencies ... OK
* checking whether the package can be unloaded cleanly ... OK
* checking whether the namespace can be loaded with stated dependencies ... OK
* checking whether the namespace can be unloaded cleanly ... OK
* checking dependencies in R code ... OK
* checking S3 generic/method consistency ... OK
* checking replacement functions ... OK
* checking foreign function calls ... OK
* checking R code for possible problems ... NOTE
sconeReport: no visible global function definition for
  ‘visNetworkOutput’
sconeReport: no visible global function definition for ‘plotlyOutput’
sconeReport : server: no visible global function definition for
  ‘renderVisNetwork’
sconeReport : server: no visible global function definition for ‘%>%’
sconeReport : server: no visible global function definition for
  ‘visNetwork’
sconeReport : server: no visible global function definition for
  ‘visHierarchicalLayout’
sconeReport : server: no visible global function definition for
  ‘visGroups’
sconeReport : server: no visible global function definition for
  ‘visEdges’
sconeReport : server: no visible global function definition for
  ‘visOptions’
sconeReport : server: no visible global function definition for
  ‘visLegend’
sconeReport : server: no visible global function definition for
  ‘visNetworkProxy’
sconeReport : server: no visible global function definition for
  ‘visSelectNodes’
sconeReport : server: no visible global function definition for
  ‘plot_ly’
sconeReport : server: no visible global function definition for
  ‘ggplot’
sconeReport : server: no visible global function definition for ‘aes’
sconeReport : server: no visible global function definition for
  ‘geom_bar’
sconeReport : server: no visible global function definition for ‘ylim’
sconeReport : server: no visible global function definition for ‘labs’
sconeReport : server: no visible global function definition for ‘theme’
sconeReport : server: no visible global function definition for
  ‘element_blank’
sconeReport : server: no visible global function definition for
  ‘ggplotly’
sconeReport : server: no visible global function definition for
  ‘geom_violin’
sconeReport : server: no visible global function definition for
  ‘coord_cartesian’
sconeReport : server: no visible global function definition for
  ‘scale_fill_manual’
sconeReport : server: no visible global function definition for
  ‘geom_point’
sconeReport : server: no visible global function definition for
  ‘guides’
Undefined global functions or variables:
  %>% aes coord_cartesian element_blank geom_bar geom_point geom_violin
  ggplot ggplotly guides labs plot_ly plotlyOutput renderVisNetwork
  scale_fill_manual theme visEdges visGroups visHierarchicalLayout
  visLegend visNetwork visNetworkOutput visNetworkProxy visOptions
  visSelectNodes ylim
* checking Rd files ... OK
* checking Rd metadata ... OK
* checking Rd cross-references ... OK
* checking for missing documentation entries ... OK
* checking for code/documentation mismatches ... OK
* checking Rd \usage sections ... WARNING
Undocumented arguments in documentation object 'sconeReport'
  ‘subsample_genes’ ‘subsample_cells’ ‘sub_scone’

Functions with \usage entries need to have the appropriate \alias
entries, and all their arguments documented.
The \usage entries must correspond to syntactically valid R code.
See chapter ‘Writing R documentation files’ in the ‘Writing R
Extensions’ manual.
* checking Rd contents ... OK
* checking for unstated dependencies in examples ... OK
* checking contents of ‘data’ directory ... OK
* checking data for non-ASCII characters ... OK
* checking data for ASCII and uncompressed saves ... OK
* checking installed files from ‘inst/doc’ ... OK
* checking files in ‘vignettes’ ... OK
* checking examples ... OK
* checking for unstated dependencies in ‘tests’ ... OK
* checking tests ... OK
  Running ‘testthat.R’
* checking for unstated dependencies in vignettes ... OK
* checking package vignettes in ‘inst/doc’ ... OK
* checking running R code from vignettes ... NONE
* checking re-building of vignette outputs ... OK
* checking PDF version of manual ... OK
* DONE
Status: 2 WARNINGs, 1 NOTE
