* installing *source* package ‘scone’ ...
Warning in as.POSIXlt.POSIXct(x, tz) :
  unknown timezone 'zone/tz/2017c.1.0/zoneinfo/America/Los_Angeles'
** R
** data
** inst
** preparing package for lazy loading
Warning: package ‘SummarizedExperiment’ was built under R version 3.4.3
Warning: package ‘GenomicRanges’ was built under R version 3.4.3
Warning: package ‘BiocGenerics’ was built under R version 3.4.2
Warning: package ‘S4Vectors’ was built under R version 3.4.2
Warning: package ‘IRanges’ was built under R version 3.4.2
Warning: package ‘GenomeInfoDb’ was built under R version 3.4.2
Warning: package ‘Biobase’ was built under R version 3.4.2
Warning: package ‘DelayedArray’ was built under R version 3.4.2
Warning: package ‘matrixStats’ was built under R version 3.4.3
** help
*** installing help indices
** building package indices
** installing vignettes
** testing if installed package can be loaded
Warning: package ‘SummarizedExperiment’ was built under R version 3.4.3
Warning: package ‘GenomicRanges’ was built under R version 3.4.3
Warning: package ‘BiocGenerics’ was built under R version 3.4.2
Warning: package ‘S4Vectors’ was built under R version 3.4.2
Warning: package ‘IRanges’ was built under R version 3.4.2
Warning: package ‘GenomeInfoDb’ was built under R version 3.4.2
Warning: package ‘Biobase’ was built under R version 3.4.2
Warning: package ‘DelayedArray’ was built under R version 3.4.2
Warning: package ‘matrixStats’ was built under R version 3.4.3
* DONE (scone)
